<?xml version="1.0" encoding="UTF-8"?>
<testsuite xmlns:xsi="http://www.w3.org/2001/XMLSchema-instance" xsi:noNamespaceSchemaLocation="https://maven.apache.org/surefire/maven-surefire-plugin/xsd/surefire-test-report-3.0.xsd" version="3.0" name="RunnerPackage.TestRunnerCustomer360" time="40.812" tests="1" errors="0" skipped="0" failures="0">
  <properties>
    <property name="java.specification.version" value="18"/>
    <property name="sun.cpu.isalist" value="amd64"/>
    <property name="sun.jnu.encoding" value="Cp1252"/>
    <property name="java.class.path" value="C:\Development\Automation\Work Space\NewDemo\360\Customer360\target\test-classes;C:\Development\Automation\Work Space\NewDemo\360\Customer360\target\classes;C:\Users\simik\.m2\repository\io\cucumber\cucumber-java\7.18.0\cucumber-java-7.18.0.jar;C:\Users\simik\.m2\repository\io\cucumber\cucumber-core\7.18.0\cucumber-core-7.18.0.jar;C:\Users\simik\.m2\repository\io\cucumber\cucumber-gherkin\7.18.0\cucumber-gherkin-7.18.0.jar;C:\Users\simik\.m2\repository\io\cucumber\cucumber-gherkin-messages\7.18.0\cucumber-gherkin-messages-7.18.0.jar;C:\Users\simik\.m2\repository\io\cucumber\gherkin\28.0.0\gherkin-28.0.0.jar;C:\Users\simik\.m2\repository\io\cucumber\messages\24.1.0\messages-24.1.0.jar;C:\Users\simik\.m2\repository\io\cucumber\testng-xml-formatter\0.1.0\testng-xml-formatter-0.1.0.jar;C:\Users\simik\.m2\repository\io\cucumber\query\12.2.0\query-12.2.0.jar;C:\Users\simik\.m2\repository\io\cucumber\tag-expressions\6.1.0\tag-expressions-6.1.0.jar;C:\Users\simik\.m2\repository\io\cucumber\cucumber-expressions\17.1.0\cucumber-expressions-17.1.0.jar;C:\Users\simik\.m2\repository\io\cucumber\datatable\7.18.0\datatable-7.18.0.jar;C:\Users\simik\.m2\repository\io\cucumber\cucumber-plugin\7.18.0\cucumber-plugin-7.18.0.jar;C:\Users\simik\.m2\repository\io\cucumber\docstring\7.18.0\docstring-7.18.0.jar;C:\Users\simik\.m2\repository\io\cucumber\html-formatter\21.3.1\html-formatter-21.3.1.jar;C:\Users\simik\.m2\repository\io\cucumber\junit-xml-formatter\0.4.0\junit-xml-formatter-0.4.0.jar;C:\Users\simik\.m2\repository\io\cucumber\ci-environment\10.0.1\ci-environment-10.0.1.jar;C:\Users\simik\.m2\repository\org\apiguardian\apiguardian-api\1.1.2\apiguardian-api-1.1.2.jar;C:\Users\simik\.m2\repository\io\cucumber\cucumber-testng\7.18.0\cucumber-testng-7.18.0.jar;C:\Users\simik\.m2\repository\org\testng\testng\7.10.2\testng-7.10.2.jar;C:\Users\simik\.m2\repository\org\slf4j\slf4j-api\1.7.36\slf4j-api-1.7.36.jar;C:\Users\simik\.m2\repository\com\beust\jcommander\1.82\jcommander-1.82.jar;C:\Users\simik\.m2\repository\org\webjars\jquery\3.7.1\jquery-3.7.1.jar;C:\Users\simik\.m2\repository\org\seleniumhq\selenium\selenium-java\4.23.1\selenium-java-4.23.1.jar;C:\Users\simik\.m2\repository\org\seleniumhq\selenium\selenium-api\4.23.1\selenium-api-4.23.1.jar;C:\Users\simik\.m2\repository\org\seleniumhq\selenium\selenium-chrome-driver\4.23.1\selenium-chrome-driver-4.23.1.jar;C:\Users\simik\.m2\repository\com\google\auto\service\auto-service-annotations\1.1.1\auto-service-annotations-1.1.1.jar;C:\Users\simik\.m2\repository\org\seleniumhq\selenium\selenium-chromium-driver\4.23.1\selenium-chromium-driver-4.23.1.jar;C:\Users\simik\.m2\repository\org\seleniumhq\selenium\selenium-json\4.23.1\selenium-json-4.23.1.jar;C:\Users\simik\.m2\repository\org\seleniumhq\selenium\selenium-manager\4.23.1\selenium-manager-4.23.1.jar;C:\Users\simik\.m2\repository\org\seleniumhq\selenium\selenium-devtools-v125\4.23.1\selenium-devtools-v125-4.23.1.jar;C:\Users\simik\.m2\repository\org\seleniumhq\selenium\selenium-devtools-v126\4.23.1\selenium-devtools-v126-4.23.1.jar;C:\Users\simik\.m2\repository\org\seleniumhq\selenium\selenium-devtools-v127\4.23.1\selenium-devtools-v127-4.23.1.jar;C:\Users\simik\.m2\repository\org\seleniumhq\selenium\selenium-devtools-v85\4.23.1\selenium-devtools-v85-4.23.1.jar;C:\Users\simik\.m2\repository\org\seleniumhq\selenium\selenium-edge-driver\4.23.1\selenium-edge-driver-4.23.1.jar;C:\Users\simik\.m2\repository\org\seleniumhq\selenium\selenium-firefox-driver\4.23.1\selenium-firefox-driver-4.23.1.jar;C:\Users\simik\.m2\repository\org\seleniumhq\selenium\selenium-http\4.23.1\selenium-http-4.23.1.jar;C:\Users\simik\.m2\repository\dev\failsafe\failsafe\3.3.2\failsafe-3.3.2.jar;C:\Users\simik\.m2\repository\org\seleniumhq\selenium\selenium-ie-driver\4.23.1\selenium-ie-driver-4.23.1.jar;C:\Users\simik\.m2\repository\org\seleniumhq\selenium\selenium-remote-driver\4.23.1\selenium-remote-driver-4.23.1.jar;C:\Users\simik\.m2\repository\com\google\guava\guava\33.2.1-jre\guava-33.2.1-jre.jar;C:\Users\simik\.m2\repository\com\google\guava\failureaccess\1.0.2\failureaccess-1.0.2.jar;C:\Users\simik\.m2\repository\com\google\guava\listenablefuture\9999.0-empty-to-avoid-conflict-with-guava\listenablefuture-9999.0-empty-to-avoid-conflict-with-guava.jar;C:\Users\simik\.m2\repository\com\google\code\findbugs\jsr305\3.0.2\jsr305-3.0.2.jar;C:\Users\simik\.m2\repository\org\checkerframework\checker-qual\3.42.0\checker-qual-3.42.0.jar;C:\Users\simik\.m2\repository\com\google\errorprone\error_prone_annotations\2.26.1\error_prone_annotations-2.26.1.jar;C:\Users\simik\.m2\repository\com\google\j2objc\j2objc-annotations\3.0.0\j2objc-annotations-3.0.0.jar;C:\Users\simik\.m2\repository\io\opentelemetry\semconv\opentelemetry-semconv\1.25.0-alpha\opentelemetry-semconv-1.25.0-alpha.jar;C:\Users\simik\.m2\repository\io\opentelemetry\opentelemetry-api\1.40.0\opentelemetry-api-1.40.0.jar;C:\Users\simik\.m2\repository\io\opentelemetry\opentelemetry-context\1.40.0\opentelemetry-context-1.40.0.jar;C:\Users\simik\.m2\repository\io\opentelemetry\opentelemetry-exporter-logging\1.40.0\opentelemetry-exporter-logging-1.40.0.jar;C:\Users\simik\.m2\repository\io\opentelemetry\opentelemetry-sdk-common\1.40.0\opentelemetry-sdk-common-1.40.0.jar;C:\Users\simik\.m2\repository\io\opentelemetry\opentelemetry-sdk-extension-autoconfigure-spi\1.40.0\opentelemetry-sdk-extension-autoconfigure-spi-1.40.0.jar;C:\Users\simik\.m2\repository\io\opentelemetry\opentelemetry-sdk-extension-autoconfigure\1.40.0\opentelemetry-sdk-extension-autoconfigure-1.40.0.jar;C:\Users\simik\.m2\repository\io\opentelemetry\opentelemetry-api-incubator\1.40.0-alpha\opentelemetry-api-incubator-1.40.0-alpha.jar;C:\Users\simik\.m2\repository\io\opentelemetry\opentelemetry-sdk-trace\1.40.0\opentelemetry-sdk-trace-1.40.0.jar;C:\Users\simik\.m2\repository\io\opentelemetry\opentelemetry-sdk\1.40.0\opentelemetry-sdk-1.40.0.jar;C:\Users\simik\.m2\repository\io\opentelemetry\opentelemetry-sdk-metrics\1.40.0\opentelemetry-sdk-metrics-1.40.0.jar;C:\Users\simik\.m2\repository\io\opentelemetry\opentelemetry-sdk-logs\1.40.0\opentelemetry-sdk-logs-1.40.0.jar;C:\Users\simik\.m2\repository\net\bytebuddy\byte-buddy\1.14.18\byte-buddy-1.14.18.jar;C:\Users\simik\.m2\repository\org\seleniumhq\selenium\selenium-os\4.23.1\selenium-os-4.23.1.jar;C:\Users\simik\.m2\repository\org\apache\commons\commons-exec\1.4.0\commons-exec-1.4.0.jar;C:\Users\simik\.m2\repository\org\seleniumhq\selenium\selenium-safari-driver\4.23.1\selenium-safari-driver-4.23.1.jar;C:\Users\simik\.m2\repository\org\seleniumhq\selenium\selenium-support\4.23.1\selenium-support-4.23.1.jar;"/>
    <property name="java.vm.vendor" value="Oracle Corporation"/>
    <property name="sun.arch.data.model" value="64"/>
    <property name="user.variant" value=""/>
    <property name="java.vendor.url" value="https://java.oracle.com/"/>
    <property name="user.timezone" value="Africa/Johannesburg"/>
    <property name="os.name" value="Windows 10"/>
    <property name="java.vm.specification.version" value="18"/>
    <property name="sun.java.launcher" value="SUN_STANDARD"/>
    <property name="user.country" value="US"/>
    <property name="sun.boot.library.path" value="C:\Program Files\Java\jdk-18.0.2.1\bin"/>
    <property name="sun.java.command" value="C:\Users\simik\AppData\Local\Temp\surefire5456932060007330938\surefirebooter-20240822104819206_3.jar C:\Users\simik\AppData\Local\Temp\surefire5456932060007330938 2024-08-22T10-48-19_054-jvmRun1 surefire-20240822104819206_1tmp surefire_0-20240822104819206_2tmp"/>
    <property name="jdk.debug" value="release"/>
    <property name="surefire.test.class.path" value="C:\Development\Automation\Work Space\NewDemo\360\Customer360\target\test-classes;C:\Development\Automation\Work Space\NewDemo\360\Customer360\target\classes;C:\Users\simik\.m2\repository\io\cucumber\cucumber-java\7.18.0\cucumber-java-7.18.0.jar;C:\Users\simik\.m2\repository\io\cucumber\cucumber-core\7.18.0\cucumber-core-7.18.0.jar;C:\Users\simik\.m2\repository\io\cucumber\cucumber-gherkin\7.18.0\cucumber-gherkin-7.18.0.jar;C:\Users\simik\.m2\repository\io\cucumber\cucumber-gherkin-messages\7.18.0\cucumber-gherkin-messages-7.18.0.jar;C:\Users\simik\.m2\repository\io\cucumber\gherkin\28.0.0\gherkin-28.0.0.jar;C:\Users\simik\.m2\repository\io\cucumber\messages\24.1.0\messages-24.1.0.jar;C:\Users\simik\.m2\repository\io\cucumber\testng-xml-formatter\0.1.0\testng-xml-formatter-0.1.0.jar;C:\Users\simik\.m2\repository\io\cucumber\query\12.2.0\query-12.2.0.jar;C:\Users\simik\.m2\repository\io\cucumber\tag-expressions\6.1.0\tag-expressions-6.1.0.jar;C:\Users\simik\.m2\repository\io\cucumber\cucumber-expressions\17.1.0\cucumber-expressions-17.1.0.jar;C:\Users\simik\.m2\repository\io\cucumber\datatable\7.18.0\datatable-7.18.0.jar;C:\Users\simik\.m2\repository\io\cucumber\cucumber-plugin\7.18.0\cucumber-plugin-7.18.0.jar;C:\Users\simik\.m2\repository\io\cucumber\docstring\7.18.0\docstring-7.18.0.jar;C:\Users\simik\.m2\repository\io\cucumber\html-formatter\21.3.1\html-formatter-21.3.1.jar;C:\Users\simik\.m2\repository\io\cucumber\junit-xml-formatter\0.4.0\junit-xml-formatter-0.4.0.jar;C:\Users\simik\.m2\repository\io\cucumber\ci-environment\10.0.1\ci-environment-10.0.1.jar;C:\Users\simik\.m2\repository\org\apiguardian\apiguardian-api\1.1.2\apiguardian-api-1.1.2.jar;C:\Users\simik\.m2\repository\io\cucumber\cucumber-testng\7.18.0\cucumber-testng-7.18.0.jar;C:\Users\simik\.m2\repository\org\testng\testng\7.10.2\testng-7.10.2.jar;C:\Users\simik\.m2\repository\org\slf4j\slf4j-api\1.7.36\slf4j-api-1.7.36.jar;C:\Users\simik\.m2\repository\com\beust\jcommander\1.82\jcommander-1.82.jar;C:\Users\simik\.m2\repository\org\webjars\jquery\3.7.1\jquery-3.7.1.jar;C:\Users\simik\.m2\repository\org\seleniumhq\selenium\selenium-java\4.23.1\selenium-java-4.23.1.jar;C:\Users\simik\.m2\repository\org\seleniumhq\selenium\selenium-api\4.23.1\selenium-api-4.23.1.jar;C:\Users\simik\.m2\repository\org\seleniumhq\selenium\selenium-chrome-driver\4.23.1\selenium-chrome-driver-4.23.1.jar;C:\Users\simik\.m2\repository\com\google\auto\service\auto-service-annotations\1.1.1\auto-service-annotations-1.1.1.jar;C:\Users\simik\.m2\repository\org\seleniumhq\selenium\selenium-chromium-driver\4.23.1\selenium-chromium-driver-4.23.1.jar;C:\Users\simik\.m2\repository\org\seleniumhq\selenium\selenium-json\4.23.1\selenium-json-4.23.1.jar;C:\Users\simik\.m2\repository\org\seleniumhq\selenium\selenium-manager\4.23.1\selenium-manager-4.23.1.jar;C:\Users\simik\.m2\repository\org\seleniumhq\selenium\selenium-devtools-v125\4.23.1\selenium-devtools-v125-4.23.1.jar;C:\Users\simik\.m2\repository\org\seleniumhq\selenium\selenium-devtools-v126\4.23.1\selenium-devtools-v126-4.23.1.jar;C:\Users\simik\.m2\repository\org\seleniumhq\selenium\selenium-devtools-v127\4.23.1\selenium-devtools-v127-4.23.1.jar;C:\Users\simik\.m2\repository\org\seleniumhq\selenium\selenium-devtools-v85\4.23.1\selenium-devtools-v85-4.23.1.jar;C:\Users\simik\.m2\repository\org\seleniumhq\selenium\selenium-edge-driver\4.23.1\selenium-edge-driver-4.23.1.jar;C:\Users\simik\.m2\repository\org\seleniumhq\selenium\selenium-firefox-driver\4.23.1\selenium-firefox-driver-4.23.1.jar;C:\Users\simik\.m2\repository\org\seleniumhq\selenium\selenium-http\4.23.1\selenium-http-4.23.1.jar;C:\Users\simik\.m2\repository\dev\failsafe\failsafe\3.3.2\failsafe-3.3.2.jar;C:\Users\simik\.m2\repository\org\seleniumhq\selenium\selenium-ie-driver\4.23.1\selenium-ie-driver-4.23.1.jar;C:\Users\simik\.m2\repository\org\seleniumhq\selenium\selenium-remote-driver\4.23.1\selenium-remote-driver-4.23.1.jar;C:\Users\simik\.m2\repository\com\google\guava\guava\33.2.1-jre\guava-33.2.1-jre.jar;C:\Users\simik\.m2\repository\com\google\guava\failureaccess\1.0.2\failureaccess-1.0.2.jar;C:\Users\simik\.m2\repository\com\google\guava\listenablefuture\9999.0-empty-to-avoid-conflict-with-guava\listenablefuture-9999.0-empty-to-avoid-conflict-with-guava.jar;C:\Users\simik\.m2\repository\com\google\code\findbugs\jsr305\3.0.2\jsr305-3.0.2.jar;C:\Users\simik\.m2\repository\org\checkerframework\checker-qual\3.42.0\checker-qual-3.42.0.jar;C:\Users\simik\.m2\repository\com\google\errorprone\error_prone_annotations\2.26.1\error_prone_annotations-2.26.1.jar;C:\Users\simik\.m2\repository\com\google\j2objc\j2objc-annotations\3.0.0\j2objc-annotations-3.0.0.jar;C:\Users\simik\.m2\repository\io\opentelemetry\semconv\opentelemetry-semconv\1.25.0-alpha\opentelemetry-semconv-1.25.0-alpha.jar;C:\Users\simik\.m2\repository\io\opentelemetry\opentelemetry-api\1.40.0\opentelemetry-api-1.40.0.jar;C:\Users\simik\.m2\repository\io\opentelemetry\opentelemetry-context\1.40.0\opentelemetry-context-1.40.0.jar;C:\Users\simik\.m2\repository\io\opentelemetry\opentelemetry-exporter-logging\1.40.0\opentelemetry-exporter-logging-1.40.0.jar;C:\Users\simik\.m2\repository\io\opentelemetry\opentelemetry-sdk-common\1.40.0\opentelemetry-sdk-common-1.40.0.jar;C:\Users\simik\.m2\repository\io\opentelemetry\opentelemetry-sdk-extension-autoconfigure-spi\1.40.0\opentelemetry-sdk-extension-autoconfigure-spi-1.40.0.jar;C:\Users\simik\.m2\repository\io\opentelemetry\opentelemetry-sdk-extension-autoconfigure\1.40.0\opentelemetry-sdk-extension-autoconfigure-1.40.0.jar;C:\Users\simik\.m2\repository\io\opentelemetry\opentelemetry-api-incubator\1.40.0-alpha\opentelemetry-api-incubator-1.40.0-alpha.jar;C:\Users\simik\.m2\repository\io\opentelemetry\opentelemetry-sdk-trace\1.40.0\opentelemetry-sdk-trace-1.40.0.jar;C:\Users\simik\.m2\repository\io\opentelemetry\opentelemetry-sdk\1.40.0\opentelemetry-sdk-1.40.0.jar;C:\Users\simik\.m2\repository\io\opentelemetry\opentelemetry-sdk-metrics\1.40.0\opentelemetry-sdk-metrics-1.40.0.jar;C:\Users\simik\.m2\repository\io\opentelemetry\opentelemetry-sdk-logs\1.40.0\opentelemetry-sdk-logs-1.40.0.jar;C:\Users\simik\.m2\repository\net\bytebuddy\byte-buddy\1.14.18\byte-buddy-1.14.18.jar;C:\Users\simik\.m2\repository\org\seleniumhq\selenium\selenium-os\4.23.1\selenium-os-4.23.1.jar;C:\Users\simik\.m2\repository\org\apache\commons\commons-exec\1.4.0\commons-exec-1.4.0.jar;C:\Users\simik\.m2\repository\org\seleniumhq\selenium\selenium-safari-driver\4.23.1\selenium-safari-driver-4.23.1.jar;C:\Users\simik\.m2\repository\org\seleniumhq\selenium\selenium-support\4.23.1\selenium-support-4.23.1.jar;"/>
    <property name="sun.cpu.endian" value="little"/>
    <property name="user.home" value="C:\Users\simik"/>
    <property name="user.language" value="en"/>
    <property name="java.specification.vendor" value="Oracle Corporation"/>
    <property name="java.version.date" value="2022-08-18"/>
    <property name="java.home" value="C:\Program Files\Java\jdk-18.0.2.1"/>
    <property name="file.separator" value="\"/>
    <property name="basedir" value="C:\Development\Automation\Work Space\NewDemo\360\Customer360"/>
    <property name="java.vm.compressedOopsMode" value="32-bit"/>
    <property name="line.separator" value="&#10;"/>
    <property name="java.vm.specification.vendor" value="Oracle Corporation"/>
    <property name="java.specification.name" value="Java Platform API Specification"/>
    <property name="surefire.real.class.path" value="C:\Users\simik\AppData\Local\Temp\surefire5456932060007330938\surefirebooter-20240822104819206_3.jar"/>
    <property name="user.script" value=""/>
    <property name="sun.management.compiler" value="HotSpot 64-Bit Tiered Compilers"/>
    <property name="java.runtime.version" value="18.0.2.1+1-1"/>
    <property name="user.name" value="simik"/>
    <property name="path.separator" value=";"/>
    <property name="os.version" value="10.0"/>
    <property name="java.runtime.name" value="Java(TM) SE Runtime Environment"/>
    <property name="file.encoding" value="UTF-8"/>
    <property name="java.vm.name" value="Java HotSpot(TM) 64-Bit Server VM"/>
    <property name="localRepository" value="C:\Users\simik\.m2\repository"/>
    <property name="java.vendor.url.bug" value="https://bugreport.java.com/bugreport/"/>
    <property name="java.io.tmpdir" value="C:\Users\simik\AppData\Local\Temp\"/>
    <property name="java.version" value="18.0.2.1"/>
    <property name="user.dir" value="C:\Development\Automation\Work Space\NewDemo\360\Customer360"/>
    <property name="os.arch" value="amd64"/>
    <property name="java.vm.specification.name" value="Java Virtual Machine Specification"/>
    <property name="sun.os.patch.level" value=""/>
    <property name="native.encoding" value="Cp1252"/>
    <property name="java.library.path" value="C:\Program Files\Java\jdk-18.0.2.1\bin;C:\WINDOWS\Sun\Java\bin;C:\WINDOWS\system32;C:\WINDOWS;C:\Program Files\Common Files\Oracle\Java\javapath;C:\WINDOWS\system32;C:\WINDOWS;C:\WINDOWS\System32\Wbem;C:\WINDOWS\System32\WindowsPowerShell\v1.0\;C:\WINDOWS\System32\OpenSSH\;C:\Program Files\Java\jdk-18.0.2.1\bin;C:\Development\Automation\Software\Drivers\WebDrivers;C:\Program Files\Microsoft SQL Server\150\Tools\Binn\;C:\Program Files\Microsoft SQL Server\Client SDK\ODBC\170\Tools\Binn\;C:\Program Files\dotnet\;C:\Program Files (x86)\Microsoft SQL Server\160\Tools\Binn\;C:\Program Files\Microsoft SQL Server\160\Tools\Binn\;C:\Program Files\Microsoft SQL Server\160\DTS\Binn\;C:\Program Files (x86)\Microsoft SQL Server\160\DTS\Binn\;C:\Program Files\Azure Data Studio\bin;C:\Program Files\apache-maven-3.9.8\bin;C:\Users\simik\AppData\Local\Microsoft\WindowsApps;C:\Users\simik\.dotnet\tools;C:\Program Files\Azure Data Studio\bin;."/>
    <property name="java.vm.info" value="mixed mode, sharing"/>
    <property name="java.vendor" value="Oracle Corporation"/>
    <property name="java.vm.version" value="18.0.2.1+1-1"/>
    <property name="sun.io.unicode.encoding" value="UnicodeLittle"/>
    <property name="java.class.version" value="62.0"/>
  </properties>
  <testcase name="runScenario[&quot;Check loginis successful with valid creds&quot;, &quot;Login page automation of demo app&quot;](1)" classname="RunnerPackage.TestRunnerCustomer360" time="39.931">
    <system-out><![CDATA[
Scenario: Check loginis successful with valid creds                                               # src/test/resources/Feature/Customer360.feature:2
  Given Customer360  baseURL "https://customer360.ekurhuleni.gov.za/Customer360" browser "chrome" # Steps.Customer360Steps.customer360_base_url_browser(java.lang.String,java.lang.String)
  When User enters valid username "JayKay" and passwod "Passw0rd1@" and click login button        # Steps.Customer360Steps.user_enters_valid_username_and_passwod_and_click_login_button(java.lang.String,java.lang.String)
  Then User clicks Apply                                                                          # Steps.Customer360Steps.user_clicks_apply()
  Then User clicks pay                                                                            # Steps.Customer360Steps.user_clicks_pay()
  Then User clicks Find                                                                           # Steps.Customer360Steps.user_clicks_find()
  Then User clicks connect                                                                        # Steps.Customer360Steps.user_clicks_connect()
  Then User clicks search                                                                         # Steps.Customer360Steps.user_clicks_search()
  And User clicks home                                                                            # Steps.Customer360Steps.user_clicks_home()
  Then User select account on drop down list "2201679230 - Comissioner Street"                    # Steps.Customer360Steps.user_select_account_on_drop_down_list(java.lang.String)
  Then User select meter number on drop down list "211086900 - Water Current"                     # Steps.Customer360Steps.user_select_meter_number_on_drop_down_list(java.lang.String)
  And User select start date on the date picker "2022/07/24"                                      # Steps.Customer360Steps.user_select_start_date_on_the_date_picker(java.lang.String)
  And User select end date on the date picker "2023/11/24"                                        # Steps.Customer360Steps.user_select_end_date_on_the_date_picker(java.lang.String)
  And User clicks Show button                                                                     # Steps.Customer360Steps.user_clicks_show_button()
  Then User clicks log out                                                                        # Steps.Customer360Steps.user_clicks_log_out()
  And Good Bye browser                                                                            # Steps.Customer360Steps.good_bye_browser()
]]></system-out>
    <system-err><![CDATA[SLF4J: Failed to load class "org.slf4j.impl.StaticLoggerBinder".
SLF4J: Defaulting to no-operation (NOP) logger implementation
SLF4J: See http://www.slf4j.org/codes.html#StaticLoggerBinder for further details.
Aug 22, 2024 10:48:20 AM org.openqa.selenium.manager.SeleniumManager lambda$runCommand$1
WARNING: The chromedriver version (126.0.6478.182) detected in PATH at C:\Development\Automation\Software\Drivers\WebDrivers\chromedriver.exe might not be compatible with the detected chrome version (127.0.6533.120); currently, chromedriver 127.0.6533.119 is recommended for chrome 127.*, so it is advised to delete the driver in PATH and retry
]]></system-err>
  </testcase>
</testsuite>