<?xml version="1.0" encoding="UTF-8"?>
<!-- Generated by org.testng.reporters.JUnitReportReporter -->
<testsuite hostname="DESKTOP-MSSFI2A" failures="0" tests="1" name="RunnerPackage.TestRunnerCustomer360" time="24.575" errors="0" timestamp="2024-08-21T17:42:13 SAST" skipped="0">
  <testcase classname="RunnerPackage.TestRunnerCustomer360" name="runScenario" time="24.575"/>
</testsuite> <!-- RunnerPackage.TestRunnerCustomer360 -->
