<?xml version="1.0" encoding="UTF-8"?>
<!-- Generated by org.testng.reporters.JUnitReportReporter -->
<testsuite hostname="DESKTOP-MSSFI2A" failures="0" tests="1" name="RunnerPackage.TestRunnerCustomer360" time="39.916" errors="0" timestamp="2024-08-22T10:49:00 SAST" skipped="0">
  <testcase classname="RunnerPackage.TestRunnerCustomer360" name="runScenario" time="39.916"/>
</testsuite> <!-- RunnerPackage.TestRunnerCustomer360 -->
